[20-Jan-2023 17:07:23 UTC] WordPress database error Table 'local.wp_et_divi_ab_testing_stats' doesn't exist for query SHOW FULL COLUMNS FROM `wp_et_divi_ab_testing_stats` made by require('wp-blog-header.php'), wp, WP->main, do_action_ref_array('wp'), WP_Hook->do_action, WP_Hook->apply_filters, et_pb_ab_init, et_builder_ab_initialize_for_post, et_pb_add_stats_record
[20-Jan-2023 17:07:25 UTC] WordPress database error Table 'local.wp_et_divi_ab_testing_stats' doesn't exist for query SHOW FULL COLUMNS FROM `wp_et_divi_ab_testing_stats` made by do_action('wp_ajax_et_pb_update_stats_table'), WP_Hook->do_action, WP_Hook->apply_filters, et_pb_update_stats_table, et_pb_add_stats_record
[20-Jan-2023 17:07:28 UTC] WordPress database error Table 'local.wp_et_divi_ab_testing_stats' doesn't exist for query SHOW FULL COLUMNS FROM `wp_et_divi_ab_testing_stats` made by do_action('wp_ajax_et_pb_update_stats_table'), WP_Hook->do_action, WP_Hook->apply_filters, et_pb_update_stats_table, et_pb_add_stats_record
[20-Jan-2023 17:07:29 UTC] WordPress database error Table 'local.wp_et_divi_ab_testing_stats' doesn't exist for query SHOW FULL COLUMNS FROM `wp_et_divi_ab_testing_stats` made by do_action('wp_ajax_et_pb_update_stats_table'), WP_Hook->do_action, WP_Hook->apply_filters, et_pb_update_stats_table, et_pb_add_stats_record
[20-Jan-2023 17:08:31 UTC] WordPress database error Table 'local.wp_et_divi_ab_testing_stats' doesn't exist for query SELECT * FROM `wp_et_divi_ab_testing_stats` WHERE test_id = 10 made by require('wp-blog-header.php'), require_once('wp-includes/template-loader.php'), include('/themes/Divi/page.php'), get_footer, locate_template, load_template, require_once('/themes/Divi/footer.php'), wp_footer, do_action('wp_footer'), WP_Hook->do_action, WP_Hook->apply_filters, et_fb_wp_footer, et_fb_enqueue_assets, do_action('et_fb_enqueue_assets'), WP_Hook->do_action, WP_Hook->apply_filters, et_fb_backend_helpers, et_fb_get_dynamic_backend_helpers, et_builder_ab_options, et_pb_ab_has_report
[20-Jan-2023 17:08:35 UTC] WordPress database error Table 'local.wp_et_divi_ab_testing_stats' doesn't exist for query SHOW COLUMNS FROM `wp_et_divi_ab_testing_stats` LIKE 'client_id' made by do_action('wp_ajax_et_pb_create_ab_tables'), WP_Hook->do_action, WP_Hook->apply_filters, et_pb_create_ab_tables
[23-Jan-2023 01:28:57 UTC] PHP Warning:  Uninitialized string offset 0 in /Users/manueljoseoviedo/Local Sites/nexotattoo/app/public/wp-content/plugins/static-html-output-plugin/plugin/WP2Static/HTMLProcessor.php on line 2
[23-Jan-2023 01:28:57 UTC] PHP Warning:  Uninitialized string offset 0 in /Users/manueljoseoviedo/Local Sites/nexotattoo/app/public/wp-content/plugins/static-html-output-plugin/plugin/WP2Static/HTMLProcessor.php on line 2
[23-Jan-2023 01:28:57 UTC] PHP Warning:  Uninitialized string offset 0 in /Users/manueljoseoviedo/Local Sites/nexotattoo/app/public/wp-content/plugins/static-html-output-plugin/plugin/WP2Static/HTMLProcessor.php on line 2
[23-Jan-2023 01:28:57 UTC] PHP Warning:  Uninitialized string offset 0 in /Users/manueljoseoviedo/Local Sites/nexotattoo/app/public/wp-content/plugins/static-html-output-plugin/plugin/WP2Static/HTMLProcessor.php on line 2
[23-Jan-2023 01:28:57 UTC] PHP Warning:  Uninitialized string offset 0 in /Users/manueljoseoviedo/Local Sites/nexotattoo/app/public/wp-content/plugins/static-html-output-plugin/plugin/WP2Static/HTMLProcessor.php on line 2
[23-Jan-2023 01:28:57 UTC] PHP Warning:  Uninitialized string offset 0 in /Users/manueljoseoviedo/Local Sites/nexotattoo/app/public/wp-content/plugins/static-html-output-plugin/plugin/WP2Static/HTMLProcessor.php on line 2
[23-Jan-2023 01:28:57 UTC] PHP Warning:  Uninitialized string offset 0 in /Users/manueljoseoviedo/Local Sites/nexotattoo/app/public/wp-content/plugins/static-html-output-plugin/plugin/WP2Static/HTMLProcessor.php on line 2
[23-Jan-2023 01:28:57 UTC] PHP Warning:  Uninitialized string offset 0 in /Users/manueljoseoviedo/Local Sites/nexotattoo/app/public/wp-content/plugins/static-html-output-plugin/plugin/WP2Static/HTMLProcessor.php on line 2
[23-Jan-2023 01:28:58 UTC] PHP Warning:  Uninitialized string offset 0 in /Users/manueljoseoviedo/Local Sites/nexotattoo/app/public/wp-content/plugins/static-html-output-plugin/plugin/WP2Static/HTMLProcessor.php on line 2
[23-Jan-2023 01:28:58 UTC] PHP Warning:  Uninitialized string offset 0 in /Users/manueljoseoviedo/Local Sites/nexotattoo/app/public/wp-content/plugins/static-html-output-plugin/plugin/WP2Static/HTMLProcessor.php on line 2
[23-Jan-2023 01:28:58 UTC] PHP Warning:  Uninitialized string offset 0 in /Users/manueljoseoviedo/Local Sites/nexotattoo/app/public/wp-content/plugins/static-html-output-plugin/plugin/WP2Static/HTMLProcessor.php on line 2
[23-Jan-2023 01:28:58 UTC] PHP Warning:  Uninitialized string offset 0 in /Users/manueljoseoviedo/Local Sites/nexotattoo/app/public/wp-content/plugins/static-html-output-plugin/plugin/WP2Static/HTMLProcessor.php on line 2
[23-Jan-2023 01:28:58 UTC] PHP Warning:  Uninitialized string offset 0 in /Users/manueljoseoviedo/Local Sites/nexotattoo/app/public/wp-content/plugins/static-html-output-plugin/plugin/WP2Static/HTMLProcessor.php on line 2
[23-Jan-2023 01:28:58 UTC] PHP Warning:  Uninitialized string offset 0 in /Users/manueljoseoviedo/Local Sites/nexotattoo/app/public/wp-content/plugins/static-html-output-plugin/plugin/WP2Static/HTMLProcessor.php on line 2
[23-Jan-2023 01:28:58 UTC] PHP Warning:  Uninitialized string offset 0 in /Users/manueljoseoviedo/Local Sites/nexotattoo/app/public/wp-content/plugins/static-html-output-plugin/plugin/WP2Static/HTMLProcessor.php on line 2
[23-Jan-2023 01:28:58 UTC] PHP Warning:  Uninitialized string offset 0 in /Users/manueljoseoviedo/Local Sites/nexotattoo/app/public/wp-content/plugins/static-html-output-plugin/plugin/WP2Static/HTMLProcessor.php on line 2
[23-Jan-2023 01:28:59 UTC] PHP Warning:  Uninitialized string offset 0 in /Users/manueljoseoviedo/Local Sites/nexotattoo/app/public/wp-content/plugins/static-html-output-plugin/plugin/WP2Static/HTMLProcessor.php on line 2
[23-Jan-2023 01:28:59 UTC] PHP Warning:  Uninitialized string offset 0 in /Users/manueljoseoviedo/Local Sites/nexotattoo/app/public/wp-content/plugins/static-html-output-plugin/plugin/WP2Static/HTMLProcessor.php on line 2
[23-Jan-2023 01:28:59 UTC] PHP Warning:  Uninitialized string offset 0 in /Users/manueljoseoviedo/Local Sites/nexotattoo/app/public/wp-content/plugins/static-html-output-plugin/plugin/WP2Static/HTMLProcessor.php on line 2
[23-Jan-2023 01:28:59 UTC] PHP Warning:  Uninitialized string offset 0 in /Users/manueljoseoviedo/Local Sites/nexotattoo/app/public/wp-content/plugins/static-html-output-plugin/plugin/WP2Static/HTMLProcessor.php on line 2
[23-Jan-2023 01:28:59 UTC] PHP Warning:  Uninitialized string offset 0 in /Users/manueljoseoviedo/Local Sites/nexotattoo/app/public/wp-content/plugins/static-html-output-plugin/plugin/WP2Static/HTMLProcessor.php on line 2
[23-Jan-2023 01:28:59 UTC] PHP Warning:  Uninitialized string offset 0 in /Users/manueljoseoviedo/Local Sites/nexotattoo/app/public/wp-content/plugins/static-html-output-plugin/plugin/WP2Static/HTMLProcessor.php on line 2
[23-Jan-2023 01:29:00 UTC] PHP Warning:  Uninitialized string offset 0 in /Users/manueljoseoviedo/Local Sites/nexotattoo/app/public/wp-content/plugins/static-html-output-plugin/plugin/WP2Static/HTMLProcessor.php on line 2
[23-Jan-2023 01:29:00 UTC] PHP Warning:  Uninitialized string offset 0 in /Users/manueljoseoviedo/Local Sites/nexotattoo/app/public/wp-content/plugins/static-html-output-plugin/plugin/WP2Static/HTMLProcessor.php on line 2
[23-Jan-2023 01:29:00 UTC] PHP Warning:  Uninitialized string offset 0 in /Users/manueljoseoviedo/Local Sites/nexotattoo/app/public/wp-content/plugins/static-html-output-plugin/plugin/WP2Static/HTMLProcessor.php on line 2
[23-Jan-2023 01:29:00 UTC] PHP Warning:  Uninitialized string offset 0 in /Users/manueljoseoviedo/Local Sites/nexotattoo/app/public/wp-content/plugins/static-html-output-plugin/plugin/WP2Static/HTMLProcessor.php on line 2
[23-Jan-2023 01:29:00 UTC] PHP Warning:  Uninitialized string offset 0 in /Users/manueljoseoviedo/Local Sites/nexotattoo/app/public/wp-content/plugins/static-html-output-plugin/plugin/WP2Static/HTMLProcessor.php on line 2
[23-Jan-2023 01:29:00 UTC] PHP Warning:  Uninitialized string offset 0 in /Users/manueljoseoviedo/Local Sites/nexotattoo/app/public/wp-content/plugins/static-html-output-plugin/plugin/WP2Static/HTMLProcessor.php on line 2
[23-Jan-2023 01:29:00 UTC] PHP Warning:  Uninitialized string offset 0 in /Users/manueljoseoviedo/Local Sites/nexotattoo/app/public/wp-content/plugins/static-html-output-plugin/plugin/WP2Static/HTMLProcessor.php on line 2
[23-Jan-2023 01:29:00 UTC] PHP Warning:  Uninitialized string offset 0 in /Users/manueljoseoviedo/Local Sites/nexotattoo/app/public/wp-content/plugins/static-html-output-plugin/plugin/WP2Static/HTMLProcessor.php on line 2
[23-Jan-2023 01:29:00 UTC] PHP Warning:  Uninitialized string offset 0 in /Users/manueljoseoviedo/Local Sites/nexotattoo/app/public/wp-content/plugins/static-html-output-plugin/plugin/WP2Static/HTMLProcessor.php on line 2
[23-Jan-2023 01:29:00 UTC] PHP Warning:  Uninitialized string offset 0 in /Users/manueljoseoviedo/Local Sites/nexotattoo/app/public/wp-content/plugins/static-html-output-plugin/plugin/WP2Static/HTMLProcessor.php on line 2
[23-Jan-2023 01:29:00 UTC] PHP Warning:  Uninitialized string offset 0 in /Users/manueljoseoviedo/Local Sites/nexotattoo/app/public/wp-content/plugins/static-html-output-plugin/plugin/WP2Static/HTMLProcessor.php on line 2
[23-Jan-2023 01:29:00 UTC] PHP Warning:  Uninitialized string offset 0 in /Users/manueljoseoviedo/Local Sites/nexotattoo/app/public/wp-content/plugins/static-html-output-plugin/plugin/WP2Static/HTMLProcessor.php on line 2
[23-Jan-2023 01:29:00 UTC] PHP Warning:  Uninitialized string offset 0 in /Users/manueljoseoviedo/Local Sites/nexotattoo/app/public/wp-content/plugins/static-html-output-plugin/plugin/WP2Static/HTMLProcessor.php on line 2
[23-Jan-2023 01:29:00 UTC] PHP Warning:  Uninitialized string offset 0 in /Users/manueljoseoviedo/Local Sites/nexotattoo/app/public/wp-content/plugins/static-html-output-plugin/plugin/WP2Static/HTMLProcessor.php on line 2
[23-Jan-2023 01:29:00 UTC] PHP Warning:  Uninitialized string offset 0 in /Users/manueljoseoviedo/Local Sites/nexotattoo/app/public/wp-content/plugins/static-html-output-plugin/plugin/WP2Static/HTMLProcessor.php on line 2
[23-Jan-2023 01:29:00 UTC] PHP Warning:  Uninitialized string offset 0 in /Users/manueljoseoviedo/Local Sites/nexotattoo/app/public/wp-content/plugins/static-html-output-plugin/plugin/WP2Static/HTMLProcessor.php on line 2
[23-Jan-2023 01:29:01 UTC] PHP Warning:  Uninitialized string offset 0 in /Users/manueljoseoviedo/Local Sites/nexotattoo/app/public/wp-content/plugins/static-html-output-plugin/plugin/WP2Static/HTMLProcessor.php on line 2
[23-Jan-2023 01:29:01 UTC] PHP Warning:  Uninitialized string offset 0 in /Users/manueljoseoviedo/Local Sites/nexotattoo/app/public/wp-content/plugins/static-html-output-plugin/plugin/WP2Static/HTMLProcessor.php on line 2
[23-Jan-2023 01:29:01 UTC] PHP Warning:  Uninitialized string offset 0 in /Users/manueljoseoviedo/Local Sites/nexotattoo/app/public/wp-content/plugins/static-html-output-plugin/plugin/WP2Static/HTMLProcessor.php on line 2
[23-Jan-2023 01:29:01 UTC] PHP Warning:  Uninitialized string offset 0 in /Users/manueljoseoviedo/Local Sites/nexotattoo/app/public/wp-content/plugins/static-html-output-plugin/plugin/WP2Static/HTMLProcessor.php on line 2
[23-Jan-2023 01:29:01 UTC] PHP Warning:  Uninitialized string offset 0 in /Users/manueljoseoviedo/Local Sites/nexotattoo/app/public/wp-content/plugins/static-html-output-plugin/plugin/WP2Static/HTMLProcessor.php on line 2
[23-Jan-2023 01:29:01 UTC] PHP Warning:  Uninitialized string offset 0 in /Users/manueljoseoviedo/Local Sites/nexotattoo/app/public/wp-content/plugins/static-html-output-plugin/plugin/WP2Static/HTMLProcessor.php on line 2
[23-Jan-2023 01:29:01 UTC] PHP Warning:  Uninitialized string offset 0 in /Users/manueljoseoviedo/Local Sites/nexotattoo/app/public/wp-content/plugins/static-html-output-plugin/plugin/WP2Static/HTMLProcessor.php on line 2
[23-Jan-2023 01:29:01 UTC] PHP Warning:  Uninitialized string offset 0 in /Users/manueljoseoviedo/Local Sites/nexotattoo/app/public/wp-content/plugins/static-html-output-plugin/plugin/WP2Static/HTMLProcessor.php on line 2
[23-Jan-2023 01:29:01 UTC] PHP Warning:  Uninitialized string offset 0 in /Users/manueljoseoviedo/Local Sites/nexotattoo/app/public/wp-content/plugins/static-html-output-plugin/plugin/WP2Static/HTMLProcessor.php on line 2
[23-Jan-2023 01:29:01 UTC] PHP Warning:  Uninitialized string offset 0 in /Users/manueljoseoviedo/Local Sites/nexotattoo/app/public/wp-content/plugins/static-html-output-plugin/plugin/WP2Static/HTMLProcessor.php on line 2
[23-Jan-2023 01:29:01 UTC] PHP Warning:  Uninitialized string offset 0 in /Users/manueljoseoviedo/Local Sites/nexotattoo/app/public/wp-content/plugins/static-html-output-plugin/plugin/WP2Static/HTMLProcessor.php on line 2
[23-Jan-2023 01:29:01 UTC] PHP Warning:  Uninitialized string offset 0 in /Users/manueljoseoviedo/Local Sites/nexotattoo/app/public/wp-content/plugins/static-html-output-plugin/plugin/WP2Static/HTMLProcessor.php on line 2
[23-Jan-2023 01:29:01 UTC] PHP Warning:  Uninitialized string offset 0 in /Users/manueljoseoviedo/Local Sites/nexotattoo/app/public/wp-content/plugins/static-html-output-plugin/plugin/WP2Static/HTMLProcessor.php on line 2
[23-Jan-2023 01:29:01 UTC] PHP Warning:  Uninitialized string offset 0 in /Users/manueljoseoviedo/Local Sites/nexotattoo/app/public/wp-content/plugins/static-html-output-plugin/plugin/WP2Static/HTMLProcessor.php on line 2
[23-Jan-2023 01:29:01 UTC] PHP Warning:  Uninitialized string offset 0 in /Users/manueljoseoviedo/Local Sites/nexotattoo/app/public/wp-content/plugins/static-html-output-plugin/plugin/WP2Static/HTMLProcessor.php on line 2
[23-Jan-2023 01:29:01 UTC] PHP Warning:  Uninitialized string offset 0 in /Users/manueljoseoviedo/Local Sites/nexotattoo/app/public/wp-content/plugins/static-html-output-plugin/plugin/WP2Static/HTMLProcessor.php on line 2
[23-Jan-2023 01:29:01 UTC] PHP Warning:  Uninitialized string offset 0 in /Users/manueljoseoviedo/Local Sites/nexotattoo/app/public/wp-content/plugins/static-html-output-plugin/plugin/WP2Static/HTMLProcessor.php on line 2
[23-Jan-2023 01:29:01 UTC] PHP Warning:  Uninitialized string offset 0 in /Users/manueljoseoviedo/Local Sites/nexotattoo/app/public/wp-content/plugins/static-html-output-plugin/plugin/WP2Static/HTMLProcessor.php on line 2
[23-Jan-2023 01:29:01 UTC] PHP Warning:  Uninitialized string offset 0 in /Users/manueljoseoviedo/Local Sites/nexotattoo/app/public/wp-content/plugins/static-html-output-plugin/plugin/WP2Static/HTMLProcessor.php on line 2
[23-Jan-2023 01:29:01 UTC] PHP Warning:  Uninitialized string offset 0 in /Users/manueljoseoviedo/Local Sites/nexotattoo/app/public/wp-content/plugins/static-html-output-plugin/plugin/WP2Static/HTMLProcessor.php on line 2
[23-Jan-2023 01:29:01 UTC] PHP Warning:  Uninitialized string offset 0 in /Users/manueljoseoviedo/Local Sites/nexotattoo/app/public/wp-content/plugins/static-html-output-plugin/plugin/WP2Static/HTMLProcessor.php on line 2
[23-Jan-2023 01:29:01 UTC] PHP Warning:  Uninitialized string offset 0 in /Users/manueljoseoviedo/Local Sites/nexotattoo/app/public/wp-content/plugins/static-html-output-plugin/plugin/WP2Static/HTMLProcessor.php on line 2
[23-Jan-2023 01:29:01 UTC] PHP Warning:  Uninitialized string offset 0 in /Users/manueljoseoviedo/Local Sites/nexotattoo/app/public/wp-content/plugins/static-html-output-plugin/plugin/WP2Static/HTMLProcessor.php on line 2
[23-Jan-2023 01:29:01 UTC] PHP Warning:  Uninitialized string offset 0 in /Users/manueljoseoviedo/Local Sites/nexotattoo/app/public/wp-content/plugins/static-html-output-plugin/plugin/WP2Static/HTMLProcessor.php on line 2
[23-Jan-2023 01:29:02 UTC] PHP Warning:  Uninitialized string offset 0 in /Users/manueljoseoviedo/Local Sites/nexotattoo/app/public/wp-content/plugins/static-html-output-plugin/plugin/WP2Static/HTMLProcessor.php on line 2
[23-Jan-2023 01:29:02 UTC] PHP Warning:  Uninitialized string offset 0 in /Users/manueljoseoviedo/Local Sites/nexotattoo/app/public/wp-content/plugins/static-html-output-plugin/plugin/WP2Static/HTMLProcessor.php on line 2
[23-Jan-2023 01:29:02 UTC] PHP Warning:  Uninitialized string offset 0 in /Users/manueljoseoviedo/Local Sites/nexotattoo/app/public/wp-content/plugins/static-html-output-plugin/plugin/WP2Static/HTMLProcessor.php on line 2
[23-Jan-2023 01:29:02 UTC] PHP Warning:  Uninitialized string offset 0 in /Users/manueljoseoviedo/Local Sites/nexotattoo/app/public/wp-content/plugins/static-html-output-plugin/plugin/WP2Static/HTMLProcessor.php on line 2
[23-Jan-2023 01:29:02 UTC] PHP Warning:  Uninitialized string offset 0 in /Users/manueljoseoviedo/Local Sites/nexotattoo/app/public/wp-content/plugins/static-html-output-plugin/plugin/WP2Static/HTMLProcessor.php on line 2
[23-Jan-2023 01:29:02 UTC] PHP Warning:  Uninitialized string offset 0 in /Users/manueljoseoviedo/Local Sites/nexotattoo/app/public/wp-content/plugins/static-html-output-plugin/plugin/WP2Static/HTMLProcessor.php on line 2
[23-Jan-2023 01:29:02 UTC] PHP Warning:  Uninitialized string offset 0 in /Users/manueljoseoviedo/Local Sites/nexotattoo/app/public/wp-content/plugins/static-html-output-plugin/plugin/WP2Static/HTMLProcessor.php on line 2
[23-Jan-2023 01:29:02 UTC] PHP Warning:  Uninitialized string offset 0 in /Users/manueljoseoviedo/Local Sites/nexotattoo/app/public/wp-content/plugins/static-html-output-plugin/plugin/WP2Static/HTMLProcessor.php on line 2
[23-Jan-2023 01:29:02 UTC] PHP Warning:  Uninitialized string offset 0 in /Users/manueljoseoviedo/Local Sites/nexotattoo/app/public/wp-content/plugins/static-html-output-plugin/plugin/WP2Static/HTMLProcessor.php on line 2
[23-Jan-2023 01:29:02 UTC] PHP Warning:  Uninitialized string offset 0 in /Users/manueljoseoviedo/Local Sites/nexotattoo/app/public/wp-content/plugins/static-html-output-plugin/plugin/WP2Static/HTMLProcessor.php on line 2
[23-Jan-2023 01:29:02 UTC] PHP Warning:  Uninitialized string offset 0 in /Users/manueljoseoviedo/Local Sites/nexotattoo/app/public/wp-content/plugins/static-html-output-plugin/plugin/WP2Static/HTMLProcessor.php on line 2
[23-Jan-2023 01:29:02 UTC] PHP Warning:  Uninitialized string offset 0 in /Users/manueljoseoviedo/Local Sites/nexotattoo/app/public/wp-content/plugins/static-html-output-plugin/plugin/WP2Static/HTMLProcessor.php on line 2
[23-Jan-2023 01:29:02 UTC] PHP Warning:  Uninitialized string offset 0 in /Users/manueljoseoviedo/Local Sites/nexotattoo/app/public/wp-content/plugins/static-html-output-plugin/plugin/WP2Static/HTMLProcessor.php on line 2
[23-Jan-2023 01:29:02 UTC] PHP Warning:  Uninitialized string offset 0 in /Users/manueljoseoviedo/Local Sites/nexotattoo/app/public/wp-content/plugins/static-html-output-plugin/plugin/WP2Static/HTMLProcessor.php on line 2
[23-Jan-2023 01:29:02 UTC] PHP Warning:  Uninitialized string offset 0 in /Users/manueljoseoviedo/Local Sites/nexotattoo/app/public/wp-content/plugins/static-html-output-plugin/plugin/WP2Static/HTMLProcessor.php on line 2
[23-Jan-2023 01:29:02 UTC] PHP Warning:  Uninitialized string offset 0 in /Users/manueljoseoviedo/Local Sites/nexotattoo/app/public/wp-content/plugins/static-html-output-plugin/plugin/WP2Static/HTMLProcessor.php on line 2
[23-Jan-2023 01:29:02 UTC] PHP Warning:  Uninitialized string offset 0 in /Users/manueljoseoviedo/Local Sites/nexotattoo/app/public/wp-content/plugins/static-html-output-plugin/plugin/WP2Static/HTMLProcessor.php on line 2
[23-Jan-2023 01:29:02 UTC] PHP Warning:  Uninitialized string offset 0 in /Users/manueljoseoviedo/Local Sites/nexotattoo/app/public/wp-content/plugins/static-html-output-plugin/plugin/WP2Static/HTMLProcessor.php on line 2
[23-Jan-2023 01:29:02 UTC] PHP Warning:  Uninitialized string offset 0 in /Users/manueljoseoviedo/Local Sites/nexotattoo/app/public/wp-content/plugins/static-html-output-plugin/plugin/WP2Static/HTMLProcessor.php on line 2
[23-Jan-2023 01:29:02 UTC] PHP Warning:  Uninitialized string offset 0 in /Users/manueljoseoviedo/Local Sites/nexotattoo/app/public/wp-content/plugins/static-html-output-plugin/plugin/WP2Static/HTMLProcessor.php on line 2
[23-Jan-2023 01:29:05 UTC] PHP Warning:  Undefined array key 0 in /Users/manueljoseoviedo/Local Sites/nexotattoo/app/public/wp-content/plugins/static-html-output-plugin/plugin/CSSParser/Parser.php on line 2
[23-Jan-2023 01:29:05 UTC] PHP Warning:  Undefined array key 0 in /Users/manueljoseoviedo/Local Sites/nexotattoo/app/public/wp-content/plugins/static-html-output-plugin/plugin/CSSParser/Parser.php on line 2
